This is pdfeTeX, Version 3.141592-1.21a-2.2 (Web2C 7.5.4) (format=latex 2007.9.12)  27 NOV 2007 15:25
entering extended mode
**doc.tex
(./doc.tex
LaTeX2e <2003/12/01>
Babel <v3.8d> and hyphenation patterns for american, french, german, ngerman, b
ahasa, basque, bulgarian, catalan, croatian, czech, danish, dutch, esperanto, e
stonian, finnish, greek, icelandic, irish, italian, latin, magyar, norsk, polis
h, portuges, romanian, russian, serbian, slovak, slovene, spanish, swedish, tur
kish, ukrainian, nohyphenation, loaded.
(/usr/share/texmf-tetex/tex/latex/base/article.cls
Document Class: article 2004/02/16 v1.4f Standard LaTeX document class
(/usr/share/texmf-tetex/tex/latex/base/size11.clo
File: size11.clo 2004/02/16 v1.4f Standard LaTeX file (size option)
)
\c@part=\count79
\c@section=\count80
\c@subsection=\count81
\c@subsubsection=\count82
\c@paragraph=\count83
\c@subparagraph=\count84
\c@figure=\count85
\c@table=\count86
\abovecaptionskip=\skip41
\belowcaptionskip=\skip42
\bibindent=\dimen102
)
(/usr/share/texmf-tetex/tex/generic/babel/babel.sty
Package: babel 2004/11/20 v3.8d The Babel package

(/usr/share/texmf-tetex/tex/generic/babel/english.ldf
Language: english 2004/06/14 v3.3o English support from the babel system

(/usr/share/texmf-tetex/tex/generic/babel/babel.def
File: babel.def 2004/11/20 v3.8d Babel common definitions
\babel@savecnt=\count87
\U@D=\dimen103
)
\l@british = a dialect from \language\l@english 
\l@UKenglish = a dialect from \language\l@english 
\l@canadian = a dialect from \language\l@american 
\l@australian = a dialect from \language\l@british 
\l@newzealand = a dialect from \language\l@british 
)) (./doc.aux)
\openout1 = `doc.aux'.

LaTeX Font Info:    Checking defaults for OML/cmm/m/it on input line 10.
LaTeX Font Info:    ... okay on input line 10.
LaTeX Font Info:    Checking defaults for T1/cmr/m/n on input line 10.
LaTeX Font Info:    ... okay on input line 10.
LaTeX Font Info:    Checking defaults for OT1/cmr/m/n on input line 10.
LaTeX Font Info:    ... okay on input line 10.
LaTeX Font Info:    Checking defaults for OMS/cmsy/m/n on input line 10.
LaTeX Font Info:    ... okay on input line 10.
LaTeX Font Info:    Checking defaults for OMX/cmex/m/n on input line 10.
LaTeX Font Info:    ... okay on input line 10.
LaTeX Font Info:    Checking defaults for U/cmr/m/n on input line 10.
LaTeX Font Info:    ... okay on input line 10.
LaTeX Font Info:    External font `cmex10' loaded for size
(Font)              <12> on input line 12.
LaTeX Font Info:    External font `cmex10' loaded for size
(Font)              <8> on input line 12.
LaTeX Font Info:    External font `cmex10' loaded for size
(Font)              <6> on input line 12.

Overfull \hbox (13.94177pt too wide) in paragraph at lines 23--25
\OT1/cmr/m/n/10.95 Here we sum-ma-rize the ba-sic al-go-rithms be-hind COILS, P
COILS and PSCOILS
 []

LaTeX Font Info:    External font `cmex10' loaded for size
(Font)              <10.95> on input line 27.
LaTeX Font Info:    Try loading font information for OMS+cmr on input line 31.
(/usr/share/texmf-tetex/tex/latex/base/omscmr.fd
File: omscmr.fd 1999/05/25 v2.5h Standard LaTeX font definitions
)
LaTeX Font Info:    Font shape `OMS/cmr/m/n' in size <10.95> not available
(Font)              Font shape `OMS/cmsy/m/n' tried instead on input line 31.
 [1

] [2]
Overfull \hbox (2.16733pt too wide) in paragraph at lines 123--123
[]\OT1/cmtt/m/n/10.95 This program is distributed in the hope that it will be u
seful,[] 
 []


Overfull \hbox (7.91602pt too wide) in paragraph at lines 134--134
[] \OT1/cmtt/m/n/10.95 -l T/F  # print prediction labels when set T (default) i
f P>0.5[] 
 []


Overfull \hbox (65.4029pt too wide) in paragraph at lines 134--134
[] \OT1/cmtt/m/n/10.95 -L [0.0,1.0] lambda value. It will be used only if both 
-f and -p are set[] 
 []

[3]
Overfull \hbox (25.16208pt too wide) in paragraph at lines 157--157
[] \OT1/cmtt/m/n/10.95 Pos A Hep Score   Prob    Gcc     Gg    Pred (Loop=L Coi
ledcoil=C)[] 
 []

Missing character: There is no â in font cmr10!
Missing character: There is no € in font cmr10!
Missing character: There is no “ in font cmr10!
[4] (./doc.aux) ) 
Here is how much of TeX's memory you used:
 568 strings out of 94501
 6435 string characters out of 1175794
 59232 words of memory out of 1000000
 3796 multiletter control sequences out of 10000+50000
 9325 words of font info for 33 fonts, out of 500000 for 2000
 580 hyphenation exceptions out of 8191
 25i,6n,19p,182b,187s stack positions out of 1500i,500n,5000p,200000b,5000s

Output written on doc.dvi (4 pages, 10456 bytes).
